2022-04-04 18:06:10.731 [main][2329] DEBUG io.netty.util.internal.logging.InternalLoggerFactory - Using Log4J2 as the default logging framework
2022-04-04 18:06:10.739 [main][2337] DEBUG io.netty.util.ResourceLeakDetector - -Dio.netty.leakDetection.level: simple
2022-04-04 18:06:10.739 [main][2337] DEBUG io.netty.util.ResourceLeakDetector - -Dio.netty.leakDetection.targetRecords: 4
2022-04-04 18:06:10.744 [main][2342] DEBUG io.netty.util.ResourceLeakDetectorFactory - Loaded default ResourceLeakDetector: io.netty.util.ResourceLeakDetector@878537d
2022-04-04 18:06:10.764 [main][2362] DEBUG io.netty.util.internal.PlatformDependent0 - -Dio.netty.noUnsafe: false
2022-04-04 18:06:10.764 [main][2362] DEBUG io.netty.util.internal.PlatformDependent0 - Java version: 11
2022-04-04 18:06:10.766 [main][2364] DEBUG io.netty.util.internal.PlatformDependent0 - sun.misc.Unsafe.theUnsafe: available
2022-04-04 18:06:10.767 [main][2365] DEBUG io.netty.util.internal.PlatformDependent0 - sun.misc.Unsafe.copyMemory: available
2022-04-04 18:06:10.767 [main][2365] DEBUG io.netty.util.internal.PlatformDependent0 - java.nio.Buffer.address: available
2022-04-04 18:06:10.767 [main][2365] DEBUG io.netty.util.internal.PlatformDependent0 - direct buffer constructor: unavailable: Reflective setAccessible(true) disabled
2022-04-04 18:06:10.768 [main][2366] DEBUG io.netty.util.internal.PlatformDependent0 - java.nio.Bits.unaligned: available, true
2022-04-04 18:06:10.769 [main][2367] DEBUG io.netty.util.internal.PlatformDependent0 - jdk.internal.misc.Unsafe.allocateUninitializedArray(int): unavailable: class io.netty.util.internal.PlatformDependent0$6 cannot access class jdk.internal.misc.Unsafe (in module java.base) because module java.base does not export jdk.internal.misc to unnamed module @7fab4be7
2022-04-04 18:06:10.770 [main][2368] DEBUG io.netty.util.internal.PlatformDependent0 - java.nio.DirectByteBuffer.<init>(long, int): unavailable
2022-04-04 18:06:10.770 [main][2368] DEBUG io.netty.util.internal.PlatformDependent - sun.misc.Unsafe: available
2022-04-04 18:06:10.771 [main][2369] DEBUG io.netty.util.internal.PlatformDependent - maxDirectMemory: 2147483648 bytes (maybe)
2022-04-04 18:06:10.771 [main][2369] DEBUG io.netty.util.internal.PlatformDependent - -Dio.netty.tmpdir: /var/folders/03/72hdn4qx7nj7g7kkk2s_2bcr0000gn/T (java.io.tmpdir)
2022-04-04 18:06:10.771 [main][2369] DEBUG io.netty.util.internal.PlatformDependent - -Dio.netty.bitMode: 64 (sun.arch.data.model)
2022-04-04 18:06:10.771 [main][2369] DEBUG io.netty.util.internal.PlatformDependent - Platform: MacOS
2022-04-04 18:06:10.772 [main][2370] DEBUG io.netty.util.internal.PlatformDependent - -Dio.netty.maxDirectMemory: -1 bytes
2022-04-04 18:06:10.772 [main][2370] DEBUG io.netty.util.internal.PlatformDependent - -Dio.netty.uninitializedArrayAllocationThreshold: -1
2022-04-04 18:06:10.773 [main][2371] DEBUG io.netty.util.internal.CleanerJava9 - java.nio.ByteBuffer.cleaner(): available
2022-04-04 18:06:10.773 [main][2371] DEBUG io.netty.util.internal.PlatformDependent - -Dio.netty.noPreferDirect: false
2022-04-04 18:06:10.782 [main][2380] DEBUG io.netty.util.internal.PlatformDependent - org.jctools-core.MpscChunkedArrayQueue: available
2022-04-04 18:06:10.810 [main][2408] DEBUG io.netty.util.internal.InternalThreadLocalMap - -Dio.netty.threadLocalMap.stringBuilder.initialSize: 1024
2022-04-04 18:06:10.811 [main][2409] DEBUG io.netty.util.internal.InternalThreadLocalMap - -Dio.netty.threadLocalMap.stringBuilder.maxSize: 4096
2022-04-04 18:06:10.838 [main][2436] DEBUG io.netty.handler.ssl.JdkSslContext - Default protocols (JDK): [TLSv1.3, TLSv1.2, TLSv1.1, TLSv1] 
2022-04-04 18:06:10.838 [main][2436] DEBUG io.netty.handler.ssl.JdkSslContext - Default cipher suites (JDK): [TLS_ECDHE_ECDSA_WITH_AES_256_GCM_SHA384, TLS_ECDHE_ECDSA_WITH_AES_128_GCM_SHA256, TLS_ECDHE_RSA_WITH_AES_128_GCM_SHA256, TLS_ECDHE_RSA_WITH_AES_256_GCM_SHA384, TLS_ECDHE_RSA_WITH_AES_128_CBC_SHA, TLS_ECDHE_RSA_WITH_AES_256_CBC_SHA, TLS_RSA_WITH_AES_128_GCM_SHA256, TLS_RSA_WITH_AES_128_CBC_SHA, TLS_RSA_WITH_AES_256_CBC_SHA, TLS_AES_128_GCM_SHA256, TLS_AES_256_GCM_SHA384]
2022-04-04 18:06:10.868 [main][2466] DEBUG io.netty.channel.MultithreadEventLoopGroup - -Dio.netty.eventLoopThreads: 8
2022-04-04 18:06:10.879 [main][2477] DEBUG io.netty.channel.nio.NioEventLoop - -Dio.netty.noKeySetOptimization: false
2022-04-04 18:06:10.879 [main][2477] DEBUG io.netty.channel.nio.NioEventLoop - -Dio.netty.selectorAutoRebuildThreshold: 512
2022-04-04 18:06:10.916 [main][2514] DEBUG io.netty.buffer.PooledByteBufAllocator - -Dio.netty.allocator.numHeapArenas: 8
2022-04-04 18:06:10.916 [main][2514] DEBUG io.netty.buffer.PooledByteBufAllocator - -Dio.netty.allocator.numDirectArenas: 8
2022-04-04 18:06:10.916 [main][2514] DEBUG io.netty.buffer.PooledByteBufAllocator - -Dio.netty.allocator.pageSize: 8192
2022-04-04 18:06:10.916 [main][2514] DEBUG io.netty.buffer.PooledByteBufAllocator - -Dio.netty.allocator.maxOrder: 11
2022-04-04 18:06:10.916 [main][2514] DEBUG io.netty.buffer.PooledByteBufAllocator - -Dio.netty.allocator.chunkSize: 16777216
2022-04-04 18:06:10.916 [main][2514] DEBUG io.netty.buffer.PooledByteBufAllocator - -Dio.netty.allocator.smallCacheSize: 256
2022-04-04 18:06:10.916 [main][2514] DEBUG io.netty.buffer.PooledByteBufAllocator - -Dio.netty.allocator.normalCacheSize: 64
2022-04-04 18:06:10.916 [main][2514] DEBUG io.netty.buffer.PooledByteBufAllocator - -Dio.netty.allocator.maxCachedBufferCapacity: 32768
2022-04-04 18:06:10.916 [main][2514] DEBUG io.netty.buffer.PooledByteBufAllocator - -Dio.netty.allocator.cacheTrimInterval: 8192
2022-04-04 18:06:10.916 [main][2514] DEBUG io.netty.buffer.PooledByteBufAllocator - -Dio.netty.allocator.cacheTrimIntervalMillis: 0
2022-04-04 18:06:10.917 [main][2515] DEBUG io.netty.buffer.PooledByteBufAllocator - -Dio.netty.allocator.useCacheForAllThreads: true
2022-04-04 18:06:10.917 [main][2515] DEBUG io.netty.buffer.PooledByteBufAllocator - -Dio.netty.allocator.maxCachedByteBuffersPerChunk: 1023
2022-04-04 18:06:10.926 [main][2524] DEBUG io.netty.buffer.ByteBufUtil - -Dio.netty.allocator.type: pooled
2022-04-04 18:06:10.926 [main][2524] DEBUG io.netty.buffer.ByteBufUtil - -Dio.netty.threadLocalDirectBufferSize: 0
2022-04-04 18:06:10.927 [main][2525] DEBUG io.netty.buffer.ByteBufUtil - -Dio.netty.maxThreadLocalCharBufferSize: 16384
2022-04-04 18:06:11.221 [Forwarding newSession on session null to remote][2819] DEBUG io.netty.channel.DefaultChannelId - -Dio.netty.processId: 35618 (auto-detected)
2022-04-04 18:06:11.223 [Forwarding newSession on session null to remote][2821] DEBUG io.netty.util.NetUtil - -Djava.net.preferIPv4Stack: false
2022-04-04 18:06:11.224 [Forwarding newSession on session null to remote][2822] DEBUG io.netty.util.NetUtil - -Djava.net.preferIPv6Addresses: false
2022-04-04 18:06:11.234 [Forwarding newSession on session null to remote][2832] DEBUG io.netty.util.NetUtilInitializations - Loopback interface: lo0 (lo0, 0:0:0:0:0:0:0:1%lo0)
2022-04-04 18:06:11.234 [Forwarding newSession on session null to remote][2832] DEBUG io.netty.util.NetUtil - Failed to get SOMAXCONN from sysctl and file /proc/sys/net/core/somaxconn. Default: 128
2022-04-04 18:06:11.238 [Forwarding newSession on session null to remote][2836] DEBUG io.netty.channel.DefaultChannelId - -Dio.netty.machineId: f0:18:98:ff:fe:8b:3d:ac (auto-detected)
2022-04-04 18:06:11.298 [AsyncHttpClient-1-2][2896] DEBUG io.netty.buffer.AbstractByteBuf - -Dio.netty.buffer.checkAccessible: true
2022-04-04 18:06:11.298 [AsyncHttpClient-1-2][2896] DEBUG io.netty.buffer.AbstractByteBuf - -Dio.netty.buffer.checkBounds: true
2022-04-04 18:06:11.298 [AsyncHttpClient-1-2][2896] DEBUG io.netty.util.ResourceLeakDetectorFactory - Loaded default ResourceLeakDetector: io.netty.util.ResourceLeakDetector@efb9596
2022-04-04 18:06:11.335 [AsyncHttpClient-1-2][2933] DEBUG io.netty.util.Recycler - -Dio.netty.recycler.maxCapacityPerThread: 4096
2022-04-04 18:06:11.335 [AsyncHttpClient-1-2][2933] DEBUG io.netty.util.Recycler - -Dio.netty.recycler.maxSharedCapacityFactor: 2
2022-04-04 18:06:11.335 [AsyncHttpClient-1-2][2933] DEBUG io.netty.util.Recycler - -Dio.netty.recycler.linkCapacity: 16
2022-04-04 18:06:11.335 [AsyncHttpClient-1-2][2933] DEBUG io.netty.util.Recycler - -Dio.netty.recycler.ratio: 8
2022-04-04 18:06:11.335 [AsyncHttpClient-1-2][2933] DEBUG io.netty.util.Recycler - -Dio.netty.recycler.delayedQueue.ratio: 8
2022-04-04 18:06:12.831 [AsyncHttpClient-1-2][4429] DEBUG io.netty.handler.codec.compression.Brotli - brotli4j not in the classpath; Brotli support will be unavailable.
2022-04-04 18:06:13.079 [main][4677] DEBUG io.netty.util.internal.ThreadLocalRandom - -Dio.netty.initialSeedUniquifier: 0x5fa187916832f434
